\BOOKMARK [1][-]{section.1}{\376\377\152\041\147\177}{}% 1
\BOOKMARK [1][-]{section.2}{\376\377\000T\000e\000s\000t}{}% 2
\BOOKMARK [1][-]{section.3}{\376\377\143\222\162\110}{}% 3
\BOOKMARK [1][-]{section.4}{\376\377\145\207\150\143\121\103\175\040}{}% 4
\BOOKMARK [1][-]{section.5}{\376\377\143\222\162\110\145\160\133\146\121\154\137\017}{}% 5
\BOOKMARK [2][-]{subsection.5.1}{\376\377\145\160\133\146\173\046\123\367}{section.5}% 6
\BOOKMARK [3][-]{subsubsection.5.1.1}{\376\377\116\000\202\054\173\046\123\367}{subsection.5.1}% 7
\BOOKMARK [3][-]{subsubsection.5.1.2}{\376\377\143\007\145\160\060\001\116\012\116\013\150\007\124\214\133\374\145\160}{subsection.5.1}% 8
\BOOKMARK [3][-]{subsubsection.5.1.3}{\376\377\122\006\137\017\124\214\150\071\137\017}{subsection.5.1}% 9
\BOOKMARK [3][-]{subsubsection.5.1.4}{\376\377\121\163\174\373\173\046}{subsection.5.1}% 10
\BOOKMARK [3][-]{subsubsection.5.1.5}{\376\377\173\227\173\046}{subsection.5.1}% 11
\BOOKMARK [3][-]{subsubsection.5.1.6}{\376\377\135\350\173\227\173\046}{subsection.5.1}% 12
\BOOKMARK [3][-]{subsubsection.5.1.7}{\376\377\145\160\133\146\221\315\227\363\124\214\116\012\116\013\142\354\123\367}{subsection.5.1}% 13
\BOOKMARK [3][-]{subsubsection.5.1.8}{\376\377\173\255\131\064}{subsection.5.1}% 14
\BOOKMARK [3][-]{subsubsection.5.1.9}{\376\377\142\354\123\367\124\214\133\232\165\114\173\046}{subsection.5.1}% 15
\BOOKMARK [2][-]{subsection.5.2}{\376\377\131\032\210\114\121\154\137\017}{section.5}% 16
\BOOKMARK [3][-]{subsubsection.5.2.1}{\376\377\225\177\121\154\137\017\142\230\210\114}{subsection.5.2}% 17
\BOOKMARK [3][-]{subsubsection.5.2.2}{\376\377\131\032\210\114\121\154\137\017}{subsection.5.2}% 18
\BOOKMARK [3][-]{subsubsection.5.2.3}{\376\377\121\154\165\050\177\026\123\367\166\204\131\032\210\114\121\154\137\017}{subsection.5.2}% 19
\BOOKMARK [2][-]{subsection.5.3}{\376\377\145\160\176\304\124\214\167\351\226\065}{section.5}% 20
\BOOKMARK [2][-]{subsection.5.4}{\376\377\121\154\137\017\116\055\166\204\225\364\215\335}{section.5}% 21
\BOOKMARK [2][-]{subsection.5.5}{\376\377\145\160\133\146\173\046\123\367\166\204\133\127\117\123\143\247\122\066}{section.5}% 22
\BOOKMARK [3][-]{subsubsection.5.5.1}{\376\377\145\160\133\146\133\127\153\315\133\127\117\123}{subsection.5.5}% 23
\BOOKMARK [3][-]{subsubsection.5.5.2}{\376\377\145\160\133\146\173\046\123\367\166\204\134\072\133\370}{subsection.5.5}% 24
\BOOKMARK [3][-]{subsubsection.5.5.3}{\376\377\122\240\174\227\166\204\145\160\133\146\173\046\123\367}{subsection.5.5}% 25
\BOOKMARK [2][-]{subsection.5.6}{\376\377\133\232\164\006\163\257\130\203}{section.5}% 26
\BOOKMARK [3][-]{subsubsection.5.6.1}{\376\377\123\237\131\313\166\204\133\232\164\006\163\257\130\203}{subsection.5.6}% 27
\BOOKMARK [3][-]{subsubsection.5.6.2}{\376\377\000a\000m\000s\000t\000h\000m\000\040\133\217\123\005}{subsection.5.6}% 28
\BOOKMARK [3][-]{subsubsection.5.6.3}{\376\377\213\301\146\016\163\257\130\203\124\214\213\301\153\325\173\046\123\367}{subsection.5.6}% 29
\BOOKMARK [2][-]{subsection.5.7}{\376\377\173\046\123\367\210\150}{section.5}% 30
\BOOKMARK [1][-]{section.6}{\376\377\143\222\162\110\150\067\137\017\213\276\133\232}{}% 31
\BOOKMARK [2][-]{subsection.6.1}{\376\377\133\127\117\123\124\214\133\127\123\367}{section.6}% 32
\BOOKMARK [3][-]{subsubsection.6.1.1}{\376\377\133\127\117\123\150\067\137\017}{subsection.6.1}% 33
\BOOKMARK [3][-]{subsubsection.6.1.2}{\376\377\133\127\123\367}{subsection.6.1}% 34
\BOOKMARK [2][-]{subsection.6.2}{\376\377\153\265\204\075\150\074\137\017\124\214\225\364\215\335}{section.6}% 35
\BOOKMARK [3][-]{subsubsection.6.2.1}{\376\377\210\114\215\335}{subsection.6.2}% 36
\BOOKMARK [3][-]{subsubsection.6.2.2}{\376\377\153\265\204\075\150\074\137\017}{subsection.6.2}% 37
\BOOKMARK [3][-]{subsubsection.6.2.3}{\376\377\154\064\136\163\225\364\215\335}{subsection.6.2}% 38
\BOOKMARK [3][-]{subsubsection.6.2.4}{\376\377\127\202\166\364\225\364\215\335}{subsection.6.2}% 39
\BOOKMARK [2][-]{subsection.6.3}{\376\377\230\165\227\142\124\214\122\006\150\017}{section.6}% 40
\BOOKMARK [3][-]{subsubsection.6.3.1}{\376\377\122\051\165\050\000\040\000g\000e\000o\000m\000e\000t\000r\000y\000\040\133\217\123\005\213\276\177\156\230\165\227\142\123\302\145\160}{subsection.6.3}% 41
\BOOKMARK [2][-]{subsection.6.4}{\376\377\230\165\167\011\230\165\201\032}{section.6}% 42
\BOOKMARK [1][-]{section.7}{\376\377\162\171\202\162\135\345\121\167\124\214\122\237\200\375}{}% 43
\BOOKMARK [2][-]{subsection.7.1}{\376\377\123\302\200\003\145\207\163\056\124\214\000\040\000B\000I\000B\000T\000E\000X\000\040\135\345\121\167}{section.7}% 44
\BOOKMARK [2][-]{subsection.7.2}{\376\377\175\042\137\025\124\214\000\040\000m\000a\000k\000e\000i\000n\000d\000e\000x\000\040\135\345\121\167}{section.7}% 45
\BOOKMARK [2][-]{subsection.7.3}{\376\377\117\177\165\050\230\234\202\162}{section.7}% 46
\BOOKMARK [3][-]{subsubsection.7.3.1}{\376\377\230\234\202\162\166\204\210\150\217\276\145\271\137\017\000\050\000c\000o\000l\000o\000r\000,\000x\000c\000o\000l\000o\000r\000\051}{subsection.7.3}% 47
\BOOKMARK [3][-]{subsubsection.7.3.2}{\376\377\136\046\230\234\202\162\166\204\145\207\147\054\124\214\166\322\133\120}{subsection.7.3}% 48
\BOOKMARK [2][-]{subsection.7.4}{\376\377\117\177\165\050\215\205\224\376\143\245}{section.7}% 49
\BOOKMARK [3][-]{subsubsection.7.4.1}{\376\377\000h\000y\000p\000e\000r\000r\000e\000f}{subsection.7.4}% 50
\BOOKMARK [3][-]{subsubsection.7.4.2}{\376\377\000P\000D\000F\000\040\116\146\173\176}{subsection.7.4}% 51
\BOOKMARK [1][-]{section.8}{\376\377\176\330\126\376\122\237\200\375}{}% 52
\BOOKMARK [2][-]{subsection.8.1}{\376\377\000\040\000T\000i\000k\000Z\000\040\176\330\126\376\213\355\212\000}{section.8}% 53
\BOOKMARK [3][-]{subsubsection.8.1.1}{\376\377\000T\000i\000k\000Z\000\040\127\120\150\007\124\214\215\357\137\204}{subsection.8.1}% 54
\BOOKMARK [3][-]{subsubsection.8.1.2}{\376\377\000\040\000T\000i\000k\000Z\000\040\176\330\126\376\124\175\116\344\124\214\123\302\145\160}{subsection.8.1}% 55
\BOOKMARK [3][-]{subsubsection.8.1.3}{\376\377\000T\000i\000k\000Z\000\040\145\207\133\127\176\323\160\271}{subsection.8.1}% 56
\BOOKMARK [3][-]{subsubsection.8.1.4}{\376\377\127\050\000\040\000T\000i\000k\000Z\000\040\116\055\117\177\165\050\137\252\163\257}{subsection.8.1}% 57
\BOOKMARK [1][-]{section.9}{\376\377\201\352\133\232\116\111\000\040\000L\000A\000T\000E\000X\000\040\124\175\116\344\124\214\122\237\200\375}{}% 58
\BOOKMARK [2][-]{subsection.9.1}{\376\377\201\352\133\232\116\111\124\175\116\344\124\214\163\257\130\203}{section.9}% 59
\BOOKMARK [3][-]{subsubsection.9.1.1}{\376\377\133\232\116\111\145\260\124\175\116\344}{subsection.9.1}% 60
\BOOKMARK [3][-]{subsubsection.9.1.2}{\376\377\133\232\116\111\163\257\130\203}{subsection.9.1}% 61
\BOOKMARK [2][-]{subsection.9.2}{\376\377\177\026\121\231\201\352\135\361\166\204\133\217\123\005\124\214\145\207\150\143\174\173}{section.9}% 62
\BOOKMARK [3][-]{subsubsection.9.2.1}{\376\377\177\026\121\231\173\200\123\125\166\204\133\217\123\005}{subsection.9.2}% 63
\BOOKMARK [3][-]{subsubsection.9.2.2}{\376\377\127\050\133\217\123\005\116\055\214\003\165\050\121\166\133\203\133\217\123\005}{subsection.9.2}% 64
\BOOKMARK [3][-]{subsubsection.9.2.3}{\376\377\177\026\121\231\201\352\135\361\166\204\145\207\150\143\174\173}{subsection.9.2}% 65
\BOOKMARK [2][-]{subsection.9.3}{\376\377\213\241\145\160\126\150}{section.9}% 66
\BOOKMARK [3][-]{subsubsection.9.3.1}{\376\377\133\232\116\111\124\214\117\356\145\071\213\241\145\160\126\150}{subsection.9.3}% 67
\BOOKMARK [3][-]{subsubsection.9.3.2}{\376\377\213\241\145\160\126\150\166\204\217\223\121\372\150\074\137\017}{subsection.9.3}% 68
